#-----------------------------------------------------------
# Vivado v2018.2 (64-bit)
# SW Build 2258646 on Thu Jun 14 20:03:12 MDT 2018
# IP Build 2256618 on Thu Jun 14 22:10:49 MDT 2018
# Start of session at: Sun Oct  5 19:35:58 2025
# Process ID: 15588
# Current directory: D:/univer/7sem/APCU/labs/lab2
# Command line: vivado.exe -gui_launcher_event rodinguilauncherevent2512 D:\univer\7sem\APCU\labs\lab2\lab2.xpr
# Log file: D:/univer/7sem/APCU/labs/lab2/vivado.log
# Journal file: D:/univer/7sem/APCU/labs/lab2\vivado.jou
#-----------------------------------------------------------
start_gui
open_project D:/univer/7sem/APCU/labs/lab2/lab2.xpr
Scanning sources...
Finished scanning sources
INFO: [IP_Flow 19-234] Refreshing IP repositories
INFO: [IP_Flow 19-1704] No user IP repositories specified
INFO: [IP_Flow 19-2313] Loaded Vivado IP repository 'C:/Xilinx/Vivado/2018.2/data/ip'.
open_project: Time (s): cpu = 00:00:36 ; elapsed = 00:00:29 . Memory (MB): peak = 867.406 ; gain = 131.012
update_compile_order -fileset sources_1
add_files -fileset constrs_1 -norecurse D:/univer/7sem/APCU/labs/lab2/top.xdc
close [ open D:/univer/7sem/APCU/labs/lab2/lab2.srcs/sources_1/new/divider.vhd w ]
add_files D:/univer/7sem/APCU/labs/lab2/lab2.srcs/sources_1/new/divider.vhd
update_compile_order -fileset sources_1
exit
INFO: [Common 17-206] Exiting Vivado at Mon Oct  6 14:32:30 2025...
