#-----------------------------------------------------------
# Vivado v2018.2 (64-bit)
# SW Build 2258646 on Thu Jun 14 20:03:12 MDT 2018
# IP Build 2256618 on Thu Jun 14 22:10:49 MDT 2018
# Start of session at: Wed Oct  1 11:39:51 2025
# Process ID: 26876
# Current directory: D:/univer/7sem/APCU/labs/lab2
# Command line: vivado.exe -gui_launcher_event rodinguilauncherevent25904 D:\univer\7sem\APCU\labs\lab2\lab2.xpr
# Log file: D:/univer/7sem/APCU/labs/lab2/vivado.log
# Journal file: D:/univer/7sem/APCU/labs/lab2\vivado.jou
#-----------------------------------------------------------
start_gui
open_project D:/univer/7sem/APCU/labs/lab2/lab2.xpr
Scanning sources...
Finished scanning sources
INFO: [IP_Flow 19-234] Refreshing IP repositories
INFO: [IP_Flow 19-1704] No user IP repositories specified
INFO: [IP_Flow 19-2313] Loaded Vivado IP repository 'C:/Xilinx/Vivado/2018.2/data/ip'.
open_project: Time (s): cpu = 00:00:07 ; elapsed = 00:00:07 . Memory (MB): peak = 820.141 ; gain = 125.613
update_compile_order -fileset sources_1
update_compile_order -fileset sources_1
launch_simulation
INFO: [Vivado 12-5682] Launching behavioral simulation in 'D:/univer/7sem/APCU/labs/lab2/lab2.sim/sim_1/behav/xsim'
INFO: [SIM-utils-51] Simulation object is 'sim_1'
INFO: [SIM-utils-54] Inspecting design source files for 'synchronous_counter_tb' in fileset 'sim_1'...
INFO: [USF-XSim-97] Finding global include files...
INFO: [USF-XSim-98] Fetching design files from 'sim_1'...
INFO: [USF-XSim-2] XSim::Compile design
INFO: [USF-XSim-61] Executing 'COMPILE and ANALYZE' step in 'D:/univer/7sem/APCU/labs/lab2/lab2.sim/sim_1/behav/xsim'
"xvhdl --incr --relax -prj synchronous_counter_tb_vhdl.prj"
INFO: [USF-XSim-69] 'compile' step finished in '1' seconds
INFO: [USF-XSim-3] XSim::Elaborate design
INFO: [USF-XSim-61] Executing 'ELABORATE' step in 'D:/univer/7sem/APCU/labs/lab2/lab2.sim/sim_1/behav/xsim'
Vivado Simulator 2018.2
Copyright 1986-1999, 2001-2018 Xilinx, Inc. All Rights Reserved.
Running: C:/Xilinx/Vivado/2018.2/bin/unwrapped/win64.o/xelab.exe -wto 837a70af61b84098b65b7e643bcbb4b6 --incr --debug typical --relax --mt 2 -L xil_defaultlib -L secureip --snapshot synchronous_counter_tb_behav xil_defaultlib.synchronous_counter_tb -log elaborate.log 
Using 2 slave threads.
Starting static elaboration
ERROR: [VRFC 10-718] formal port <load> does not exist in entity <synchronous_counter>.  Please compare the definition of block <synchronous_counter> to its component declaration and its instantion to detect the mismatch. [D:/univer/7sem/APCU/labs/lab2/lab2.srcs/sim_1/new/synchronous_counter_tb.vhd:13]
ERROR: [VRFC 10-718] formal port <cten> does not exist in entity <synchronous_counter>.  Please compare the definition of block <synchronous_counter> to its component declaration and its instantion to detect the mismatch. [D:/univer/7sem/APCU/labs/lab2/lab2.srcs/sim_1/new/synchronous_counter_tb.vhd:14]
ERROR: [VRFC 10-718] formal port <du> does not exist in entity <synchronous_counter>.  Please compare the definition of block <synchronous_counter> to its component declaration and its instantion to detect the mismatch. [D:/univer/7sem/APCU/labs/lab2/lab2.srcs/sim_1/new/synchronous_counter_tb.vhd:15]
ERROR: [VRFC 10-718] formal port <q> does not exist in entity <synchronous_counter>.  Please compare the definition of block <synchronous_counter> to its component declaration and its instantion to detect the mismatch. [D:/univer/7sem/APCU/labs/lab2/lab2.srcs/sim_1/new/synchronous_counter_tb.vhd:17]
ERROR: [XSIM 43-3321] Static elaboration of top level VHDL design unit synchronous_counter_tb in library work failed.
INFO: [USF-XSim-69] 'elaborate' step finished in '1' seconds
INFO: [USF-XSim-99] Step results log file:'D:/univer/7sem/APCU/labs/lab2/lab2.sim/sim_1/behav/xsim/elaborate.log'
ERROR: [USF-XSim-62] 'elaborate' step failed with error(s). Please check the Tcl console output or 'D:/univer/7sem/APCU/labs/lab2/lab2.sim/sim_1/behav/xsim/elaborate.log' file for more information.
ERROR: [Vivado 12-4473] Detected error while running simulation. Please correct the issue and retry this operation.
ERROR: [Common 17-39] 'launch_simulation' failed due to earlier errors.
update_compile_order -fileset sources_1
launch_simulation
INFO: [Vivado 12-5682] Launching behavioral simulation in 'D:/univer/7sem/APCU/labs/lab2/lab2.sim/sim_1/behav/xsim'
INFO: [SIM-utils-51] Simulation object is 'sim_1'
INFO: [SIM-utils-54] Inspecting design source files for 'synchronous_counter_tb' in fileset 'sim_1'...
INFO: [USF-XSim-97] Finding global include files...
INFO: [USF-XSim-98] Fetching design files from 'sim_1'...
INFO: [USF-XSim-2] XSim::Compile design
INFO: [USF-XSim-61] Executing 'COMPILE and ANALYZE' step in 'D:/univer/7sem/APCU/labs/lab2/lab2.sim/sim_1/behav/xsim'
"xvhdl --incr --relax -prj synchronous_counter_tb_vhdl.prj"
INFO: [VRFC 10-163] Analyzing VHDL file "D:/univer/7sem/APCU/labs/lab2/lab2.srcs/sim_1/new/synchronous_counter_tb.vhd" into library xil_defaultlib
INFO: [VRFC 10-307] analyzing entity synchronous_counter_tb
INFO: [USF-XSim-69] 'compile' step finished in '1' seconds
INFO: [USF-XSim-3] XSim::Elaborate design
INFO: [USF-XSim-61] Executing 'ELABORATE' step in 'D:/univer/7sem/APCU/labs/lab2/lab2.sim/sim_1/behav/xsim'
Vivado Simulator 2018.2
Copyright 1986-1999, 2001-2018 Xilinx, Inc. All Rights Reserved.
Running: C:/Xilinx/Vivado/2018.2/bin/unwrapped/win64.o/xelab.exe -wto 837a70af61b84098b65b7e643bcbb4b6 --incr --debug typical --relax --mt 2 -L xil_defaultlib -L secureip --snapshot synchronous_counter_tb_behav xil_defaultlib.synchronous_counter_tb -log elaborate.log 
Using 2 slave threads.
Starting static elaboration
ERROR: [VRFC 10-718] formal port <load> does not exist in entity <synchronous_counter>.  Please compare the definition of block <synchronous_counter> to its component declaration and its instantion to detect the mismatch. [D:/univer/7sem/APCU/labs/lab2/lab2.srcs/sim_1/new/synchronous_counter_tb.vhd:13]
ERROR: [VRFC 10-718] formal port <cten> does not exist in entity <synchronous_counter>.  Please compare the definition of block <synchronous_counter> to its component declaration and its instantion to detect the mismatch. [D:/univer/7sem/APCU/labs/lab2/lab2.srcs/sim_1/new/synchronous_counter_tb.vhd:14]
ERROR: [VRFC 10-718] formal port <du> does not exist in entity <synchronous_counter>.  Please compare the definition of block <synchronous_counter> to its component declaration and its instantion to detect the mismatch. [D:/univer/7sem/APCU/labs/lab2/lab2.srcs/sim_1/new/synchronous_counter_tb.vhd:15]
ERROR: [VRFC 10-718] formal port <q> does not exist in entity <synchronous_counter>.  Please compare the definition of block <synchronous_counter> to its component declaration and its instantion to detect the mismatch. [D:/univer/7sem/APCU/labs/lab2/lab2.srcs/sim_1/new/synchronous_counter_tb.vhd:17]
ERROR: [XSIM 43-3321] Static elaboration of top level VHDL design unit synchronous_counter_tb in library work failed.
INFO: [USF-XSim-69] 'elaborate' step finished in '1' seconds
INFO: [USF-XSim-99] Step results log file:'D:/univer/7sem/APCU/labs/lab2/lab2.sim/sim_1/behav/xsim/elaborate.log'
ERROR: [USF-XSim-62] 'elaborate' step failed with error(s). Please check the Tcl console output or 'D:/univer/7sem/APCU/labs/lab2/lab2.sim/sim_1/behav/xsim/elaborate.log' file for more information.
ERROR: [Vivado 12-4473] Detected error while running simulation. Please correct the issue and retry this operation.
ERROR: [Common 17-39] 'launch_simulation' failed due to earlier errors.
launch_simulation
INFO: [Vivado 12-5682] Launching behavioral simulation in 'D:/univer/7sem/APCU/labs/lab2/lab2.sim/sim_1/behav/xsim'
INFO: [SIM-utils-51] Simulation object is 'sim_1'
INFO: [SIM-utils-54] Inspecting design source files for 'synchronous_counter_tb' in fileset 'sim_1'...
INFO: [USF-XSim-97] Finding global include files...
INFO: [USF-XSim-98] Fetching design files from 'sim_1'...
INFO: [USF-XSim-2] XSim::Compile design
INFO: [USF-XSim-61] Executing 'COMPILE and ANALYZE' step in 'D:/univer/7sem/APCU/labs/lab2/lab2.sim/sim_1/behav/xsim'
"xvhdl --incr --relax -prj synchronous_counter_tb_vhdl.prj"
INFO: [VRFC 10-163] Analyzing VHDL file "D:/univer/7sem/APCU/labs/lab2/lab2.srcs/sources_1/new/counter.vhd" into library xil_defaultlib
INFO: [VRFC 10-307] analyzing entity counter
INFO: [VRFC 10-163] Analyzing VHDL file "D:/univer/7sem/APCU/labs/lab2/lab2.srcs/sim_1/new/synchronous_counter_tb.vhd" into library xil_defaultlib
INFO: [VRFC 10-307] analyzing entity synchronous_counter_tb
INFO: [USF-XSim-69] 'compile' step finished in '1' seconds
INFO: [USF-XSim-3] XSim::Elaborate design
INFO: [USF-XSim-61] Executing 'ELABORATE' step in 'D:/univer/7sem/APCU/labs/lab2/lab2.sim/sim_1/behav/xsim'
Vivado Simulator 2018.2
Copyright 1986-1999, 2001-2018 Xilinx, Inc. All Rights Reserved.
Running: C:/Xilinx/Vivado/2018.2/bin/unwrapped/win64.o/xelab.exe -wto 837a70af61b84098b65b7e643bcbb4b6 --incr --debug typical --relax --mt 2 -L xil_defaultlib -L secureip --snapshot synchronous_counter_tb_behav xil_defaultlib.synchronous_counter_tb -log elaborate.log 
Using 2 slave threads.
Starting static elaboration
Completed static elaboration
Starting simulation data flow analysis
Completed simulation data flow analysis
Time Resolution for simulation is 1ps
Compiling package std.standard
Compiling package std.textio
Compiling package ieee.std_logic_1164
Compiling package ieee.numeric_std
Compiling architecture counter of entity xil_defaultlib.counter [counter_default]
Compiling architecture behavior of entity xil_defaultlib.synchronous_counter_tb
Built simulation snapshot synchronous_counter_tb_behav

****** Webtalk v2018.2 (64-bit)
  **** SW Build 2258646 on Thu Jun 14 20:03:12 MDT 2018
  **** IP Build 2256618 on Thu Jun 14 22:10:49 MDT 2018
    ** Copyright 1986-2018 Xilinx, Inc. All Rights Reserved.

source D:/univer/7sem/APCU/labs/lab2/lab2.sim/sim_1/behav/xsim/xsim.dir/synchronous_counter_tb_behav/webtalk/xsim_webtalk.tcl -notrace
INFO: [Common 17-206] Exiting Webtalk at Wed Oct  1 13:12:48 2025...
INFO: [USF-XSim-69] 'elaborate' step finished in '3' seconds
INFO: [USF-XSim-4] XSim::Simulate design
INFO: [USF-XSim-61] Executing 'SIMULATE' step in 'D:/univer/7sem/APCU/labs/lab2/lab2.sim/sim_1/behav/xsim'
INFO: [USF-XSim-98] *** Running xsim
   with args "synchronous_counter_tb_behav -key {Behavioral:sim_1:Functional:synchronous_counter_tb} -tclbatch {synchronous_counter_tb.tcl} -log {simulate.log}"
INFO: [USF-XSim-8] Loading simulator feature
Vivado Simulator 2018.2
Time resolution is 1 ps
source synchronous_counter_tb.tcl
# set curr_wave [current_wave_config]
# if { [string length $curr_wave] == 0 } {
#   if { [llength [get_objects]] > 0} {
#     add_wave /
#     set_property needs_save false [current_wave_config]
#   } else {
#      send_msg_id Add_Wave-1 WARNING "No top level signals found. Simulator will start without a wave window. If you want to open a wave window go to 'File->New Waveform Configuration' or type 'create_wave_config' in the TCL console."
#   }
# }
# run 1000ns
Note: Test 1: Asynchronous load
Time: 20 ns  Iteration: 0  Process: /synchronous_counter_tb/stim_proc  File: D:/univer/7sem/APCU/labs/lab2/lab2.srcs/sim_1/new/synchronous_counter_tb.vhd
Note: Test 2: Count up with CTEN low
Time: 45 ns  Iteration: 0  Process: /synchronous_counter_tb/stim_proc  File: D:/univer/7sem/APCU/labs/lab2/lab2.srcs/sim_1/new/synchronous_counter_tb.vhd
Note: Test 3: Count disable (CTEN high)
Time: 85 ns  Iteration: 0  Process: /synchronous_counter_tb/stim_proc  File: D:/univer/7sem/APCU/labs/lab2/lab2.srcs/sim_1/new/synchronous_counter_tb.vhd
Note: Test 4: Count down with CTEN low
Time: 125 ns  Iteration: 0  Process: /synchronous_counter_tb/stim_proc  File: D:/univer/7sem/APCU/labs/lab2/lab2.srcs/sim_1/new/synchronous_counter_tb.vhd
Note: Test 5: Another asynchronous load
Time: 165 ns  Iteration: 0  Process: /synchronous_counter_tb/stim_proc  File: D:/univer/7sem/APCU/labs/lab2/lab2.srcs/sim_1/new/synchronous_counter_tb.vhd
Note: Test 6: Count up again
Time: 190 ns  Iteration: 0  Process: /synchronous_counter_tb/stim_proc  File: D:/univer/7sem/APCU/labs/lab2/lab2.srcs/sim_1/new/synchronous_counter_tb.vhd
Note: Simulation complete
Time: 230 ns  Iteration: 0  Process: /synchronous_counter_tb/stim_proc  File: D:/univer/7sem/APCU/labs/lab2/lab2.srcs/sim_1/new/synchronous_counter_tb.vhd
INFO: [USF-XSim-96] XSim completed. Design snapshot 'synchronous_counter_tb_behav' loaded.
INFO: [USF-XSim-97] XSim simulation ran for 1000ns
launch_simulation: Time (s): cpu = 00:00:04 ; elapsed = 00:00:06 . Memory (MB): peak = 891.066 ; gain = 14.121
close_sim
INFO: [Simtcl 6-16] Simulation closed
launch_simulation
INFO: [Vivado 12-5682] Launching behavioral simulation in 'D:/univer/7sem/APCU/labs/lab2/lab2.sim/sim_1/behav/xsim'
INFO: [SIM-utils-51] Simulation object is 'sim_1'
INFO: [SIM-utils-54] Inspecting design source files for 'synchronous_counter_tb' in fileset 'sim_1'...
INFO: [USF-XSim-97] Finding global include files...
INFO: [USF-XSim-98] Fetching design files from 'sim_1'...
INFO: [USF-XSim-2] XSim::Compile design
INFO: [USF-XSim-61] Executing 'COMPILE and ANALYZE' step in 'D:/univer/7sem/APCU/labs/lab2/lab2.sim/sim_1/behav/xsim'
"xvhdl --incr --relax -prj synchronous_counter_tb_vhdl.prj"
INFO: [USF-XSim-69] 'compile' step finished in '1' seconds
INFO: [USF-XSim-3] XSim::Elaborate design
INFO: [USF-XSim-61] Executing 'ELABORATE' step in 'D:/univer/7sem/APCU/labs/lab2/lab2.sim/sim_1/behav/xsim'
Vivado Simulator 2018.2
Copyright 1986-1999, 2001-2018 Xilinx, Inc. All Rights Reserved.
Running: C:/Xilinx/Vivado/2018.2/bin/unwrapped/win64.o/xelab.exe -wto 837a70af61b84098b65b7e643bcbb4b6 --incr --debug typical --relax --mt 2 -L xil_defaultlib -L secureip --snapshot synchronous_counter_tb_behav xil_defaultlib.synchronous_counter_tb -log elaborate.log 
Using 2 slave threads.
Starting static elaboration
Completed static elaboration
INFO: [XSIM 43-4323] No Change in HDL. Linking previously generated obj files to create kernel
INFO: [USF-XSim-69] 'elaborate' step finished in '1' seconds
INFO: [USF-XSim-4] XSim::Simulate design
INFO: [USF-XSim-61] Executing 'SIMULATE' step in 'D:/univer/7sem/APCU/labs/lab2/lab2.sim/sim_1/behav/xsim'
INFO: [USF-XSim-98] *** Running xsim
   with args "synchronous_counter_tb_behav -key {Behavioral:sim_1:Functional:synchronous_counter_tb} -tclbatch {synchronous_counter_tb.tcl} -log {simulate.log}"
INFO: [USF-XSim-8] Loading simulator feature
Vivado Simulator 2018.2
Time resolution is 1 ps
source synchronous_counter_tb.tcl
# set curr_wave [current_wave_config]
# if { [string length $curr_wave] == 0 } {
#   if { [llength [get_objects]] > 0} {
#     add_wave /
#     set_property needs_save false [current_wave_config]
#   } else {
#      send_msg_id Add_Wave-1 WARNING "No top level signals found. Simulator will start without a wave window. If you want to open a wave window go to 'File->New Waveform Configuration' or type 'create_wave_config' in the TCL console."
#   }
# }
# run 1000ns
Note: Test 1: Asynchronous load
Time: 20 ns  Iteration: 0  Process: /synchronous_counter_tb/stim_proc  File: D:/univer/7sem/APCU/labs/lab2/lab2.srcs/sim_1/new/synchronous_counter_tb.vhd
Note: Test 2: Count up with CTEN low
Time: 45 ns  Iteration: 0  Process: /synchronous_counter_tb/stim_proc  File: D:/univer/7sem/APCU/labs/lab2/lab2.srcs/sim_1/new/synchronous_counter_tb.vhd
Note: Test 3: Count disable (CTEN high)
Time: 85 ns  Iteration: 0  Process: /synchronous_counter_tb/stim_proc  File: D:/univer/7sem/APCU/labs/lab2/lab2.srcs/sim_1/new/synchronous_counter_tb.vhd
Note: Test 4: Count down with CTEN low
Time: 125 ns  Iteration: 0  Process: /synchronous_counter_tb/stim_proc  File: D:/univer/7sem/APCU/labs/lab2/lab2.srcs/sim_1/new/synchronous_counter_tb.vhd
Note: Test 5: Another asynchronous load
Time: 165 ns  Iteration: 0  Process: /synchronous_counter_tb/stim_proc  File: D:/univer/7sem/APCU/labs/lab2/lab2.srcs/sim_1/new/synchronous_counter_tb.vhd
Note: Test 6: Count up again
Time: 190 ns  Iteration: 0  Process: /synchronous_counter_tb/stim_proc  File: D:/univer/7sem/APCU/labs/lab2/lab2.srcs/sim_1/new/synchronous_counter_tb.vhd
Note: Simulation complete
Time: 230 ns  Iteration: 0  Process: /synchronous_counter_tb/stim_proc  File: D:/univer/7sem/APCU/labs/lab2/lab2.srcs/sim_1/new/synchronous_counter_tb.vhd
INFO: [USF-XSim-96] XSim completed. Design snapshot 'synchronous_counter_tb_behav' loaded.
INFO: [USF-XSim-97] XSim simulation ran for 1000ns
close_sim
