#-----------------------------------------------------------
# Vivado v2018.2 (64-bit)
# SW Build 2258646 on Thu Jun 14 20:03:12 MDT 2018
# IP Build 2256618 on Thu Jun 14 22:10:49 MDT 2018
# Start of session at: Wed Oct  1 17:06:01 2025
# Process ID: 20400
# Current directory: D:/univer/7sem/APCU/labs/lab2
# Command line: vivado.exe -gui_launcher_event rodinguilauncherevent9024 D:\univer\7sem\APCU\labs\lab2\lab2.xpr
# Log file: D:/univer/7sem/APCU/labs/lab2/vivado.log
# Journal file: D:/univer/7sem/APCU/labs/lab2\vivado.jou
#-----------------------------------------------------------
start_gui
open_project D:/univer/7sem/APCU/labs/lab2/lab2.xpr
Scanning sources...
Finished scanning sources
INFO: [IP_Flow 19-234] Refreshing IP repositories
INFO: [IP_Flow 19-1704] No user IP repositories specified
INFO: [IP_Flow 19-2313] Loaded Vivado IP repository 'C:/Xilinx/Vivado/2018.2/data/ip'.
open_project: Time (s): cpu = 00:00:09 ; elapsed = 00:00:06 . Memory (MB): peak = 888.691 ; gain = 125.195
update_compile_order -fileset sources_1
launch_simulation
INFO: [Vivado 12-5682] Launching behavioral simulation in 'D:/univer/7sem/APCU/labs/lab2/lab2.sim/sim_1/behav/xsim'
INFO: [SIM-utils-51] Simulation object is 'sim_1'
INFO: [SIM-utils-54] Inspecting design source files for 'synchronous_counter_tb' in fileset 'sim_1'...
INFO: [SIM-utils-43] Exported 'D:/univer/7sem/APCU/labs/lab2/lab2.sim/sim_1/behav/xsim/test_file.txt'
INFO: [USF-XSim-97] Finding global include files...
INFO: [USF-XSim-98] Fetching design files from 'sim_1'...
INFO: [USF-XSim-2] XSim::Compile design
INFO: [USF-XSim-61] Executing 'COMPILE and ANALYZE' step in 'D:/univer/7sem/APCU/labs/lab2/lab2.sim/sim_1/behav/xsim'
"xvhdl --incr --relax -prj synchronous_counter_tb_vhdl.prj"
INFO: [USF-XSim-69] 'compile' step finished in '1' seconds
INFO: [USF-XSim-3] XSim::Elaborate design
INFO: [USF-XSim-61] Executing 'ELABORATE' step in 'D:/univer/7sem/APCU/labs/lab2/lab2.sim/sim_1/behav/xsim'
Vivado Simulator 2018.2
Copyright 1986-1999, 2001-2018 Xilinx, Inc. All Rights Reserved.
Running: C:/Xilinx/Vivado/2018.2/bin/unwrapped/win64.o/xelab.exe -wto 837a70af61b84098b65b7e643bcbb4b6 --incr --debug typical --relax --mt 2 -L xil_defaultlib -L secureip --snapshot synchronous_counter_tb_behav xil_defaultlib.synchronous_counter_tb -log elaborate.log 
Using 2 slave threads.
Starting static elaboration
Completed static elaboration
INFO: [XSIM 43-4323] No Change in HDL. Linking previously generated obj files to create kernel
INFO: [USF-XSim-69] 'elaborate' step finished in '1' seconds
INFO: [USF-XSim-4] XSim::Simulate design
INFO: [USF-XSim-61] Executing 'SIMULATE' step in 'D:/univer/7sem/APCU/labs/lab2/lab2.sim/sim_1/behav/xsim'
INFO: [USF-XSim-98] *** Running xsim
   with args "synchronous_counter_tb_behav -key {Behavioral:sim_1:Functional:synchronous_counter_tb} -tclbatch {synchronous_counter_tb.tcl} -log {simulate.log}"
INFO: [USF-XSim-8] Loading simulator feature
Vivado Simulator 2018.2
Time resolution is 1 ps
source synchronous_counter_tb.tcl
# set curr_wave [current_wave_config]
# if { [string length $curr_wave] == 0 } {
#   if { [llength [get_objects]] > 0} {
#     add_wave /
#     set_property needs_save false [current_wave_config]
#   } else {
#      send_msg_id Add_Wave-1 WARNING "No top level signals found. Simulator will start without a wave window. If you want to open a wave window go to 'File->New Waveform Configuration' or type 'create_wave_config' in the TCL console."
#   }
# }
# run 1000ns
INFO: [USF-XSim-96] XSim completed. Design snapshot 'synchronous_counter_tb_behav' loaded.
INFO: [USF-XSim-97] XSim simulation ran for 1000ns
launch_simulation: Time (s): cpu = 00:00:06 ; elapsed = 00:00:06 . Memory (MB): peak = 941.234 ; gain = 18.727
close_sim
INFO: [Simtcl 6-16] Simulation closed
launch_simulation
INFO: [Vivado 12-5682] Launching behavioral simulation in 'D:/univer/7sem/APCU/labs/lab2/lab2.sim/sim_1/behav/xsim'
INFO: [SIM-utils-51] Simulation object is 'sim_1'
INFO: [SIM-utils-54] Inspecting design source files for 'synchronous_counter_tb' in fileset 'sim_1'...
INFO: [SIM-utils-43] Exported 'D:/univer/7sem/APCU/labs/lab2/lab2.sim/sim_1/behav/xsim/test_file.txt'
INFO: [USF-XSim-97] Finding global include files...
INFO: [USF-XSim-98] Fetching design files from 'sim_1'...
INFO: [USF-XSim-2] XSim::Compile design
INFO: [USF-XSim-61] Executing 'COMPILE and ANALYZE' step in 'D:/univer/7sem/APCU/labs/lab2/lab2.sim/sim_1/behav/xsim'
"xvhdl --incr --relax -prj synchronous_counter_tb_vhdl.prj"
INFO: [USF-XSim-69] 'compile' step finished in '1' seconds
INFO: [USF-XSim-3] XSim::Elaborate design
INFO: [USF-XSim-61] Executing 'ELABORATE' step in 'D:/univer/7sem/APCU/labs/lab2/lab2.sim/sim_1/behav/xsim'
Vivado Simulator 2018.2
Copyright 1986-1999, 2001-2018 Xilinx, Inc. All Rights Reserved.
Running: C:/Xilinx/Vivado/2018.2/bin/unwrapped/win64.o/xelab.exe -wto 837a70af61b84098b65b7e643bcbb4b6 --incr --debug typical --relax --mt 2 -L xil_defaultlib -L secureip --snapshot synchronous_counter_tb_behav xil_defaultlib.synchronous_counter_tb -log elaborate.log 
Using 2 slave threads.
Starting static elaboration
Completed static elaboration
INFO: [XSIM 43-4323] No Change in HDL. Linking previously generated obj files to create kernel
INFO: [USF-XSim-69] 'elaborate' step finished in '2' seconds
INFO: [USF-XSim-4] XSim::Simulate design
INFO: [USF-XSim-61] Executing 'SIMULATE' step in 'D:/univer/7sem/APCU/labs/lab2/lab2.sim/sim_1/behav/xsim'
INFO: [USF-XSim-98] *** Running xsim
   with args "synchronous_counter_tb_behav -key {Behavioral:sim_1:Functional:synchronous_counter_tb} -tclbatch {synchronous_counter_tb.tcl} -log {simulate.log}"
INFO: [USF-XSim-8] Loading simulator feature
Vivado Simulator 2018.2
Time resolution is 1 ps
source synchronous_counter_tb.tcl
# set curr_wave [current_wave_config]
# if { [string length $curr_wave] == 0 } {
#   if { [llength [get_objects]] > 0} {
#     add_wave /
#     set_property needs_save false [current_wave_config]
#   } else {
#      send_msg_id Add_Wave-1 WARNING "No top level signals found. Simulator will start without a wave window. If you want to open a wave window go to 'File->New Waveform Configuration' or type 'create_wave_config' in the TCL console."
#   }
# }
# run 1000ns
INFO: [USF-XSim-96] XSim completed. Design snapshot 'synchronous_counter_tb_behav' loaded.
INFO: [USF-XSim-97] XSim simulation ran for 1000ns
launch_simulation: Time (s): cpu = 00:00:04 ; elapsed = 00:00:06 . Memory (MB): peak = 951.594 ; gain = 0.000
close_sim
INFO: [Simtcl 6-16] Simulation closed
launch_simulation
INFO: [Vivado 12-5682] Launching behavioral simulation in 'D:/univer/7sem/APCU/labs/lab2/lab2.sim/sim_1/behav/xsim'
INFO: [SIM-utils-51] Simulation object is 'sim_1'
INFO: [SIM-utils-54] Inspecting design source files for 'synchronous_counter_tb' in fileset 'sim_1'...
INFO: [SIM-utils-43] Exported 'D:/univer/7sem/APCU/labs/lab2/lab2.sim/sim_1/behav/xsim/test_file.txt'
INFO: [USF-XSim-97] Finding global include files...
INFO: [USF-XSim-98] Fetching design files from 'sim_1'...
INFO: [USF-XSim-2] XSim::Compile design
INFO: [USF-XSim-61] Executing 'COMPILE and ANALYZE' step in 'D:/univer/7sem/APCU/labs/lab2/lab2.sim/sim_1/behav/xsim'
"xvhdl --incr --relax -prj synchronous_counter_tb_vhdl.prj"
INFO: [USF-XSim-69] 'compile' step finished in '2' seconds
INFO: [USF-XSim-3] XSim::Elaborate design
INFO: [USF-XSim-61] Executing 'ELABORATE' step in 'D:/univer/7sem/APCU/labs/lab2/lab2.sim/sim_1/behav/xsim'
Vivado Simulator 2018.2
Copyright 1986-1999, 2001-2018 Xilinx, Inc. All Rights Reserved.
Running: C:/Xilinx/Vivado/2018.2/bin/unwrapped/win64.o/xelab.exe -wto 837a70af61b84098b65b7e643bcbb4b6 --incr --debug typical --relax --mt 2 -L xil_defaultlib -L secureip --snapshot synchronous_counter_tb_behav xil_defaultlib.synchronous_counter_tb -log elaborate.log 
Using 2 slave threads.
Starting static elaboration
Completed static elaboration
INFO: [XSIM 43-4323] No Change in HDL. Linking previously generated obj files to create kernel
INFO: [USF-XSim-69] 'elaborate' step finished in '1' seconds
INFO: [USF-XSim-4] XSim::Simulate design
INFO: [USF-XSim-61] Executing 'SIMULATE' step in 'D:/univer/7sem/APCU/labs/lab2/lab2.sim/sim_1/behav/xsim'
INFO: [USF-XSim-98] *** Running xsim
   with args "synchronous_counter_tb_behav -key {Behavioral:sim_1:Functional:synchronous_counter_tb} -tclbatch {synchronous_counter_tb.tcl} -log {simulate.log}"
INFO: [USF-XSim-8] Loading simulator feature
Vivado Simulator 2018.2
Time resolution is 1 ps
source synchronous_counter_tb.tcl
# set curr_wave [current_wave_config]
# if { [string length $curr_wave] == 0 } {
#   if { [llength [get_objects]] > 0} {
#     add_wave /
#     set_property needs_save false [current_wave_config]
#   } else {
#      send_msg_id Add_Wave-1 WARNING "No top level signals found. Simulator will start without a wave window. If you want to open a wave window go to 'File->New Waveform Configuration' or type 'create_wave_config' in the TCL console."
#   }
# }
# run 1000ns
Failure: Test 6 failed! Inputs: load='1' cten='1' du_t='0' data_in='0''0''0''0' q= '1''0''1''0' out= '0''1''0''1'
Time: 65 ns  Iteration: 0  Process: /synchronous_counter_tb/test_process  File: D:/univer/7sem/APCU/labs/lab2/lab2.srcs/sim_1/new/synchronous_counter_tb.vhd
$finish called at time : 65 ns : File "D:/univer/7sem/APCU/labs/lab2/lab2.srcs/sim_1/new/synchronous_counter_tb.vhd" Line 93
INFO: [USF-XSim-96] XSim completed. Design snapshot 'synchronous_counter_tb_behav' loaded.
INFO: [USF-XSim-97] XSim simulation ran for 1000ns
launch_simulation: Time (s): cpu = 00:00:04 ; elapsed = 00:00:05 . Memory (MB): peak = 955.305 ; gain = 1.750
close_sim
INFO: [Simtcl 6-16] Simulation closed
exit
INFO: [Common 17-206] Exiting Vivado at Wed Oct  1 19:55:09 2025...
