#-----------------------------------------------------------
# Vivado v2018.2 (64-bit)
# SW Build 2258646 on Thu Jun 14 20:03:12 MDT 2018
# IP Build 2256618 on Thu Jun 14 22:10:49 MDT 2018
# Start of session at: Wed Oct  1 16:07:21 2025
# Process ID: 13380
# Current directory: D:/univer/7sem/APCU/labs/lab2
# Command line: vivado.exe -gui_launcher_event rodinguilauncherevent10200 D:\univer\7sem\APCU\labs\lab2\lab2.xpr
# Log file: D:/univer/7sem/APCU/labs/lab2/vivado.log
# Journal file: D:/univer/7sem/APCU/labs/lab2\vivado.jou
#-----------------------------------------------------------
start_gui
open_project D:/univer/7sem/APCU/labs/lab2/lab2.xpr
Scanning sources...
Finished scanning sources
INFO: [IP_Flow 19-234] Refreshing IP repositories
INFO: [IP_Flow 19-1704] No user IP repositories specified
INFO: [IP_Flow 19-2313] Loaded Vivado IP repository 'C:/Xilinx/Vivado/2018.2/data/ip'.
open_project: Time (s): cpu = 00:00:31 ; elapsed = 00:00:19 . Memory (MB): peak = 874.672 ; gain = 136.664
update_compile_order -fileset sources_1
launch_simulation
INFO: [Vivado 12-5682] Launching behavioral simulation in 'D:/univer/7sem/APCU/labs/lab2/lab2.sim/sim_1/behav/xsim'
INFO: [SIM-utils-51] Simulation object is 'sim_1'
INFO: [SIM-utils-54] Inspecting design source files for 'synchronous_counter_tb' in fileset 'sim_1'...
INFO: [SIM-utils-43] Exported 'D:/univer/7sem/APCU/labs/lab2/lab2.sim/sim_1/behav/xsim/test_file.txt'
INFO: [USF-XSim-97] Finding global include files...
INFO: [USF-XSim-98] Fetching design files from 'sim_1'...
INFO: [USF-XSim-2] XSim::Compile design
INFO: [USF-XSim-61] Executing 'COMPILE and ANALYZE' step in 'D:/univer/7sem/APCU/labs/lab2/lab2.sim/sim_1/behav/xsim'
"xvhdl --incr --relax -prj synchronous_counter_tb_vhdl.prj"
INFO: [USF-XSim-69] 'compile' step finished in '1' seconds
INFO: [USF-XSim-3] XSim::Elaborate design
INFO: [USF-XSim-61] Executing 'ELABORATE' step in 'D:/univer/7sem/APCU/labs/lab2/lab2.sim/sim_1/behav/xsim'
Vivado Simulator 2018.2
Copyright 1986-1999, 2001-2018 Xilinx, Inc. All Rights Reserved.
Running: C:/Xilinx/Vivado/2018.2/bin/unwrapped/win64.o/xelab.exe -wto 837a70af61b84098b65b7e643bcbb4b6 --incr --debug typical --relax --mt 2 -L xil_defaultlib -L secureip --snapshot synchronous_counter_tb_behav xil_defaultlib.synchronous_counter_tb -log elaborate.log 
Using 2 slave threads.
Starting static elaboration
Completed static elaboration
INFO: [XSIM 43-4323] No Change in HDL. Linking previously generated obj files to create kernel
INFO: [USF-XSim-69] 'elaborate' step finished in '1' seconds
INFO: [USF-XSim-4] XSim::Simulate design
INFO: [USF-XSim-61] Executing 'SIMULATE' step in 'D:/univer/7sem/APCU/labs/lab2/lab2.sim/sim_1/behav/xsim'
INFO: [USF-XSim-98] *** Running xsim
   with args "synchronous_counter_tb_behav -key {Behavioral:sim_1:Functional:synchronous_counter_tb} -tclbatch {synchronous_counter_tb.tcl} -log {simulate.log}"
INFO: [USF-XSim-8] Loading simulator feature
Vivado Simulator 2018.2
Time resolution is 1 ps
source synchronous_counter_tb.tcl
# set curr_wave [current_wave_config]
# if { [string length $curr_wave] == 0 } {
#   if { [llength [get_objects]] > 0} {
#     add_wave /
#     set_property needs_save false [current_wave_config]
#   } else {
#      send_msg_id Add_Wave-1 WARNING "No top level signals found. Simulator will start without a wave window. If you want to open a wave window go to 'File->New Waveform Configuration' or type 'create_wave_config' in the TCL console."
#   }
# }
# run 1000ns
Failure: Test 2 failed! Inputs: load='1' cten='1' du_t='0' data_in='0''0''0''0' q= '0''1''0''1'
Time: 15 ns  Iteration: 0  Process: /synchronous_counter_tb/test_process  File: D:/univer/7sem/APCU/labs/lab2/lab2.srcs/sim_1/new/synchronous_counter_tb.vhd
$finish called at time : 15 ns : File "D:/univer/7sem/APCU/labs/lab2/lab2.srcs/sim_1/new/synchronous_counter_tb.vhd" Line 92
INFO: [USF-XSim-96] XSim completed. Design snapshot 'synchronous_counter_tb_behav' loaded.
INFO: [USF-XSim-97] XSim simulation ran for 1000ns
launch_simulation: Time (s): cpu = 00:00:05 ; elapsed = 00:00:06 . Memory (MB): peak = 896.352 ; gain = 0.000
close_sim
INFO: [Simtcl 6-16] Simulation closed
launch_simulation
INFO: [Vivado 12-5682] Launching behavioral simulation in 'D:/univer/7sem/APCU/labs/lab2/lab2.sim/sim_1/behav/xsim'
INFO: [SIM-utils-51] Simulation object is 'sim_1'
INFO: [SIM-utils-54] Inspecting design source files for 'synchronous_counter_tb' in fileset 'sim_1'...
INFO: [SIM-utils-43] Exported 'D:/univer/7sem/APCU/labs/lab2/lab2.sim/sim_1/behav/xsim/test_file.txt'
INFO: [USF-XSim-97] Finding global include files...
INFO: [USF-XSim-98] Fetching design files from 'sim_1'...
INFO: [USF-XSim-2] XSim::Compile design
INFO: [USF-XSim-61] Executing 'COMPILE and ANALYZE' step in 'D:/univer/7sem/APCU/labs/lab2/lab2.sim/sim_1/behav/xsim'
"xvhdl --incr --relax -prj synchronous_counter_tb_vhdl.prj"
INFO: [VRFC 10-163] Analyzing VHDL file "D:/univer/7sem/APCU/labs/lab2/lab2.srcs/sim_1/new/synchronous_counter_tb.vhd" into library xil_defaultlib
INFO: [VRFC 10-307] analyzing entity synchronous_counter_tb
ERROR: [VRFC 10-1412] syntax error near "out= " [D:/univer/7sem/APCU/labs/lab2/lab2.srcs/sim_1/new/synchronous_counter_tb.vhd:92]
ERROR: [VRFC 10-1412] syntax error near severity [D:/univer/7sem/APCU/labs/lab2/lab2.srcs/sim_1/new/synchronous_counter_tb.vhd:94]
ERROR: [VRFC 10-1471] type error near failure ; current type severity_level; expected type  void [D:/univer/7sem/APCU/labs/lab2/lab2.srcs/sim_1/new/synchronous_counter_tb.vhd:94]
ERROR: [VRFC 10-1504] unit behavior ignored due to previous errors [D:/univer/7sem/APCU/labs/lab2/lab2.srcs/sim_1/new/synchronous_counter_tb.vhd:10]
INFO: [VRFC 10-240] VHDL file D:/univer/7sem/APCU/labs/lab2/lab2.srcs/sim_1/new/synchronous_counter_tb.vhd ignored due to errors
INFO: [USF-XSim-69] 'compile' step finished in '2' seconds
INFO: [USF-XSim-99] Step results log file:'D:/univer/7sem/APCU/labs/lab2/lab2.sim/sim_1/behav/xsim/xvhdl.log'
ERROR: [USF-XSim-62] 'compile' step failed with error(s). Please check the Tcl console output or 'D:/univer/7sem/APCU/labs/lab2/lab2.sim/sim_1/behav/xsim/xvhdl.log' file for more information.
ERROR: [Vivado 12-4473] Detected error while running simulation. Please correct the issue and retry this operation.
ERROR: [Common 17-39] 'launch_simulation' failed due to earlier errors.
launch_simulation
INFO: [Vivado 12-5682] Launching behavioral simulation in 'D:/univer/7sem/APCU/labs/lab2/lab2.sim/sim_1/behav/xsim'
INFO: [SIM-utils-51] Simulation object is 'sim_1'
INFO: [SIM-utils-54] Inspecting design source files for 'synchronous_counter_tb' in fileset 'sim_1'...
INFO: [SIM-utils-43] Exported 'D:/univer/7sem/APCU/labs/lab2/lab2.sim/sim_1/behav/xsim/test_file.txt'
INFO: [USF-XSim-97] Finding global include files...
INFO: [USF-XSim-98] Fetching design files from 'sim_1'...
INFO: [USF-XSim-2] XSim::Compile design
INFO: [USF-XSim-61] Executing 'COMPILE and ANALYZE' step in 'D:/univer/7sem/APCU/labs/lab2/lab2.sim/sim_1/behav/xsim'
"xvhdl --incr --relax -prj synchronous_counter_tb_vhdl.prj"
INFO: [VRFC 10-163] Analyzing VHDL file "D:/univer/7sem/APCU/labs/lab2/lab2.srcs/sim_1/new/synchronous_counter_tb.vhd" into library xil_defaultlib
INFO: [VRFC 10-307] analyzing entity synchronous_counter_tb
INFO: [USF-XSim-69] 'compile' step finished in '1' seconds
INFO: [USF-XSim-3] XSim::Elaborate design
INFO: [USF-XSim-61] Executing 'ELABORATE' step in 'D:/univer/7sem/APCU/labs/lab2/lab2.sim/sim_1/behav/xsim'
Vivado Simulator 2018.2
Copyright 1986-1999, 2001-2018 Xilinx, Inc. All Rights Reserved.
Running: C:/Xilinx/Vivado/2018.2/bin/unwrapped/win64.o/xelab.exe -wto 837a70af61b84098b65b7e643bcbb4b6 --incr --debug typical --relax --mt 2 -L xil_defaultlib -L secureip --snapshot synchronous_counter_tb_behav xil_defaultlib.synchronous_counter_tb -log elaborate.log 
Using 2 slave threads.
Starting static elaboration
Completed static elaboration
Starting simulation data flow analysis
Completed simulation data flow analysis
Time Resolution for simulation is 1ps
Compiling package std.standard
Compiling package std.textio
Compiling package ieee.std_logic_1164
Compiling package ieee.numeric_std
Compiling package ieee.std_logic_textio
Compiling architecture counter of entity xil_defaultlib.counter [counter_default]
Compiling architecture behavior of entity xil_defaultlib.synchronous_counter_tb
Built simulation snapshot synchronous_counter_tb_behav
INFO: [USF-XSim-69] 'elaborate' step finished in '2' seconds
INFO: [USF-XSim-4] XSim::Simulate design
INFO: [USF-XSim-61] Executing 'SIMULATE' step in 'D:/univer/7sem/APCU/labs/lab2/lab2.sim/sim_1/behav/xsim'
INFO: [USF-XSim-98] *** Running xsim
   with args "synchronous_counter_tb_behav -key {Behavioral:sim_1:Functional:synchronous_counter_tb} -tclbatch {synchronous_counter_tb.tcl} -log {simulate.log}"
INFO: [USF-XSim-8] Loading simulator feature
Vivado Simulator 2018.2
Time resolution is 1 ps
source synchronous_counter_tb.tcl
# set curr_wave [current_wave_config]
# if { [string length $curr_wave] == 0 } {
#   if { [llength [get_objects]] > 0} {
#     add_wave /
#     set_property needs_save false [current_wave_config]
#   } else {
#      send_msg_id Add_Wave-1 WARNING "No top level signals found. Simulator will start without a wave window. If you want to open a wave window go to 'File->New Waveform Configuration' or type 'create_wave_config' in the TCL console."
#   }
# }
# run 1000ns
Failure: Test 2 failed! Inputs: load='1' cten='1' du_t='0' data_in='0''0''0''0' q= '0''1''0''1' out= '1''1''0''1'
Time: 15 ns  Iteration: 0  Process: /synchronous_counter_tb/test_process  File: D:/univer/7sem/APCU/labs/lab2/lab2.srcs/sim_1/new/synchronous_counter_tb.vhd
$finish called at time : 15 ns : File "D:/univer/7sem/APCU/labs/lab2/lab2.srcs/sim_1/new/synchronous_counter_tb.vhd" Line 94
INFO: [USF-XSim-96] XSim completed. Design snapshot 'synchronous_counter_tb_behav' loaded.
INFO: [USF-XSim-97] XSim simulation ran for 1000ns
launch_simulation: Time (s): cpu = 00:00:04 ; elapsed = 00:00:05 . Memory (MB): peak = 924.176 ; gain = 7.637
close_sim
INFO: [Simtcl 6-16] Simulation closed
launch_simulation
INFO: [Vivado 12-5682] Launching behavioral simulation in 'D:/univer/7sem/APCU/labs/lab2/lab2.sim/sim_1/behav/xsim'
INFO: [SIM-utils-51] Simulation object is 'sim_1'
INFO: [SIM-utils-54] Inspecting design source files for 'synchronous_counter_tb' in fileset 'sim_1'...
INFO: [SIM-utils-43] Exported 'D:/univer/7sem/APCU/labs/lab2/lab2.sim/sim_1/behav/xsim/test_file.txt'
INFO: [USF-XSim-97] Finding global include files...
INFO: [USF-XSim-98] Fetching design files from 'sim_1'...
INFO: [USF-XSim-2] XSim::Compile design
INFO: [USF-XSim-61] Executing 'COMPILE and ANALYZE' step in 'D:/univer/7sem/APCU/labs/lab2/lab2.sim/sim_1/behav/xsim'
"xvhdl --incr --relax -prj synchronous_counter_tb_vhdl.prj"
INFO: [VRFC 10-163] Analyzing VHDL file "D:/univer/7sem/APCU/labs/lab2/lab2.srcs/sim_1/new/synchronous_counter_tb.vhd" into library xil_defaultlib
INFO: [VRFC 10-307] analyzing entity synchronous_counter_tb
INFO: [USF-XSim-69] 'compile' step finished in '1' seconds
INFO: [USF-XSim-3] XSim::Elaborate design
INFO: [USF-XSim-61] Executing 'ELABORATE' step in 'D:/univer/7sem/APCU/labs/lab2/lab2.sim/sim_1/behav/xsim'
Vivado Simulator 2018.2
Copyright 1986-1999, 2001-2018 Xilinx, Inc. All Rights Reserved.
Running: C:/Xilinx/Vivado/2018.2/bin/unwrapped/win64.o/xelab.exe -wto 837a70af61b84098b65b7e643bcbb4b6 --incr --debug typical --relax --mt 2 -L xil_defaultlib -L secureip --snapshot synchronous_counter_tb_behav xil_defaultlib.synchronous_counter_tb -log elaborate.log 
Using 2 slave threads.
Starting static elaboration
Completed static elaboration
Starting simulation data flow analysis
Completed simulation data flow analysis
Time Resolution for simulation is 1ps
Compiling package std.standard
Compiling package std.textio
Compiling package ieee.std_logic_1164
Compiling package ieee.numeric_std
Compiling package ieee.std_logic_textio
Compiling architecture counter of entity xil_defaultlib.counter [counter_default]
Compiling architecture behavior of entity xil_defaultlib.synchronous_counter_tb
Built simulation snapshot synchronous_counter_tb_behav
INFO: [USF-XSim-69] 'elaborate' step finished in '1' seconds
INFO: [USF-XSim-4] XSim::Simulate design
INFO: [USF-XSim-61] Executing 'SIMULATE' step in 'D:/univer/7sem/APCU/labs/lab2/lab2.sim/sim_1/behav/xsim'
INFO: [USF-XSim-98] *** Running xsim
   with args "synchronous_counter_tb_behav -key {Behavioral:sim_1:Functional:synchronous_counter_tb} -tclbatch {synchronous_counter_tb.tcl} -log {simulate.log}"
INFO: [USF-XSim-8] Loading simulator feature
Vivado Simulator 2018.2
Time resolution is 1 ps
source synchronous_counter_tb.tcl
# set curr_wave [current_wave_config]
# if { [string length $curr_wave] == 0 } {
#   if { [llength [get_objects]] > 0} {
#     add_wave /
#     set_property needs_save false [current_wave_config]
#   } else {
#      send_msg_id Add_Wave-1 WARNING "No top level signals found. Simulator will start without a wave window. If you want to open a wave window go to 'File->New Waveform Configuration' or type 'create_wave_config' in the TCL console."
#   }
# }
# run 1000ns
Failure: Test 2 failed! Inputs: load='1' cten='1' du_t='0' data_in='0''0''0''0' q= '1''0''1''0' out= '1''0''1''1'
Time: 15 ns  Iteration: 0  Process: /synchronous_counter_tb/test_process  File: D:/univer/7sem/APCU/labs/lab2/lab2.srcs/sim_1/new/synchronous_counter_tb.vhd
$finish called at time : 15 ns : File "D:/univer/7sem/APCU/labs/lab2/lab2.srcs/sim_1/new/synchronous_counter_tb.vhd" Line 94
INFO: [USF-XSim-96] XSim completed. Design snapshot 'synchronous_counter_tb_behav' loaded.
INFO: [USF-XSim-97] XSim simulation ran for 1000ns
close_sim
INFO: [Simtcl 6-16] Simulation closed
launch_simulation
INFO: [Vivado 12-5682] Launching behavioral simulation in 'D:/univer/7sem/APCU/labs/lab2/lab2.sim/sim_1/behav/xsim'
INFO: [SIM-utils-51] Simulation object is 'sim_1'
INFO: [SIM-utils-54] Inspecting design source files for 'synchronous_counter_tb' in fileset 'sim_1'...
INFO: [SIM-utils-43] Exported 'D:/univer/7sem/APCU/labs/lab2/lab2.sim/sim_1/behav/xsim/test_file.txt'
INFO: [USF-XSim-97] Finding global include files...
INFO: [USF-XSim-98] Fetching design files from 'sim_1'...
INFO: [USF-XSim-2] XSim::Compile design
INFO: [USF-XSim-61] Executing 'COMPILE and ANALYZE' step in 'D:/univer/7sem/APCU/labs/lab2/lab2.sim/sim_1/behav/xsim'
"xvhdl --incr --relax -prj synchronous_counter_tb_vhdl.prj"
INFO: [USF-XSim-69] 'compile' step finished in '1' seconds
INFO: [USF-XSim-3] XSim::Elaborate design
INFO: [USF-XSim-61] Executing 'ELABORATE' step in 'D:/univer/7sem/APCU/labs/lab2/lab2.sim/sim_1/behav/xsim'
Vivado Simulator 2018.2
Copyright 1986-1999, 2001-2018 Xilinx, Inc. All Rights Reserved.
Running: C:/Xilinx/Vivado/2018.2/bin/unwrapped/win64.o/xelab.exe -wto 837a70af61b84098b65b7e643bcbb4b6 --incr --debug typical --relax --mt 2 -L xil_defaultlib -L secureip --snapshot synchronous_counter_tb_behav xil_defaultlib.synchronous_counter_tb -log elaborate.log 
Using 2 slave threads.
Starting static elaboration
Completed static elaboration
INFO: [XSIM 43-4323] No Change in HDL. Linking previously generated obj files to create kernel
INFO: [USF-XSim-69] 'elaborate' step finished in '2' seconds
INFO: [USF-XSim-4] XSim::Simulate design
INFO: [USF-XSim-61] Executing 'SIMULATE' step in 'D:/univer/7sem/APCU/labs/lab2/lab2.sim/sim_1/behav/xsim'
INFO: [USF-XSim-98] *** Running xsim
   with args "synchronous_counter_tb_behav -key {Behavioral:sim_1:Functional:synchronous_counter_tb} -tclbatch {synchronous_counter_tb.tcl} -log {simulate.log}"
INFO: [USF-XSim-8] Loading simulator feature
Vivado Simulator 2018.2
Time resolution is 1 ps
source synchronous_counter_tb.tcl
# set curr_wave [current_wave_config]
# if { [string length $curr_wave] == 0 } {
#   if { [llength [get_objects]] > 0} {
#     add_wave /
#     set_property needs_save false [current_wave_config]
#   } else {
#      send_msg_id Add_Wave-1 WARNING "No top level signals found. Simulator will start without a wave window. If you want to open a wave window go to 'File->New Waveform Configuration' or type 'create_wave_config' in the TCL console."
#   }
# }
# run 1000ns
Failure: Test 2 failed! Inputs: load='1' cten='0' du_t='0' data_in='0''0''0''0' q= '1''0''1''0' out= '1''0''1''1'
Time: 15 ns  Iteration: 0  Process: /synchronous_counter_tb/test_process  File: D:/univer/7sem/APCU/labs/lab2/lab2.srcs/sim_1/new/synchronous_counter_tb.vhd
$finish called at time : 15 ns : File "D:/univer/7sem/APCU/labs/lab2/lab2.srcs/sim_1/new/synchronous_counter_tb.vhd" Line 94
INFO: [USF-XSim-96] XSim completed. Design snapshot 'synchronous_counter_tb_behav' loaded.
INFO: [USF-XSim-97] XSim simulation ran for 1000ns
close_sim
INFO: [Simtcl 6-16] Simulation closed
launch_simulation
INFO: [Vivado 12-5682] Launching behavioral simulation in 'D:/univer/7sem/APCU/labs/lab2/lab2.sim/sim_1/behav/xsim'
INFO: [SIM-utils-51] Simulation object is 'sim_1'
INFO: [SIM-utils-54] Inspecting design source files for 'synchronous_counter_tb' in fileset 'sim_1'...
INFO: [SIM-utils-43] Exported 'D:/univer/7sem/APCU/labs/lab2/lab2.sim/sim_1/behav/xsim/test_file.txt'
INFO: [USF-XSim-97] Finding global include files...
INFO: [USF-XSim-98] Fetching design files from 'sim_1'...
INFO: [USF-XSim-2] XSim::Compile design
INFO: [USF-XSim-61] Executing 'COMPILE and ANALYZE' step in 'D:/univer/7sem/APCU/labs/lab2/lab2.sim/sim_1/behav/xsim'
"xvhdl --incr --relax -prj synchronous_counter_tb_vhdl.prj"
INFO: [VRFC 10-163] Analyzing VHDL file "D:/univer/7sem/APCU/labs/lab2/lab2.srcs/sim_1/new/synchronous_counter_tb.vhd" into library xil_defaultlib
INFO: [VRFC 10-307] analyzing entity synchronous_counter_tb
INFO: [USF-XSim-69] 'compile' step finished in '1' seconds
INFO: [USF-XSim-3] XSim::Elaborate design
INFO: [USF-XSim-61] Executing 'ELABORATE' step in 'D:/univer/7sem/APCU/labs/lab2/lab2.sim/sim_1/behav/xsim'
Vivado Simulator 2018.2
Copyright 1986-1999, 2001-2018 Xilinx, Inc. All Rights Reserved.
Running: C:/Xilinx/Vivado/2018.2/bin/unwrapped/win64.o/xelab.exe -wto 837a70af61b84098b65b7e643bcbb4b6 --incr --debug typical --relax --mt 2 -L xil_defaultlib -L secureip --snapshot synchronous_counter_tb_behav xil_defaultlib.synchronous_counter_tb -log elaborate.log 
Using 2 slave threads.
Starting static elaboration
Completed static elaboration
Starting simulation data flow analysis
Completed simulation data flow analysis
Time Resolution for simulation is 1ps
Compiling package std.standard
Compiling package std.textio
Compiling package ieee.std_logic_1164
Compiling package ieee.numeric_std
Compiling package ieee.std_logic_textio
Compiling architecture counter of entity xil_defaultlib.counter [counter_default]
Compiling architecture behavior of entity xil_defaultlib.synchronous_counter_tb
Built simulation snapshot synchronous_counter_tb_behav
INFO: [USF-XSim-69] 'elaborate' step finished in '2' seconds
INFO: [USF-XSim-4] XSim::Simulate design
INFO: [USF-XSim-61] Executing 'SIMULATE' step in 'D:/univer/7sem/APCU/labs/lab2/lab2.sim/sim_1/behav/xsim'
INFO: [USF-XSim-98] *** Running xsim
   with args "synchronous_counter_tb_behav -key {Behavioral:sim_1:Functional:synchronous_counter_tb} -tclbatch {synchronous_counter_tb.tcl} -log {simulate.log}"
INFO: [USF-XSim-8] Loading simulator feature
Vivado Simulator 2018.2
Time resolution is 1 ps
source synchronous_counter_tb.tcl
# set curr_wave [current_wave_config]
# if { [string length $curr_wave] == 0 } {
#   if { [llength [get_objects]] > 0} {
#     add_wave /
#     set_property needs_save false [current_wave_config]
#   } else {
#      send_msg_id Add_Wave-1 WARNING "No top level signals found. Simulator will start without a wave window. If you want to open a wave window go to 'File->New Waveform Configuration' or type 'create_wave_config' in the TCL console."
#   }
# }
# run 1000ns
INFO: [USF-XSim-96] XSim completed. Design snapshot 'synchronous_counter_tb_behav' loaded.
INFO: [USF-XSim-97] XSim simulation ran for 1000ns
close_sim
INFO: [Simtcl 6-16] Simulation closed
exit
INFO: [Common 17-206] Exiting Vivado at Wed Oct  1 16:22:30 2025...
