  Compiling CUDA source file main.cu...
  Compiling CUDA source file triple.cu...
  Compiling CUDA source file utils.cu...
  Compiling CUDA source file prefix.cu...
  
  D:\univer\7sem\CUDA\labs\lab_4>"C:\Program Files\NVIDIA GPU Computing Toolkit\CUDA\v13.0\bin\nvcc.exe" -gencode=arch=compute_75,code=\"sm_75,compute_75\" --use-local-env -ccbin "C:\Program Files\Microsoft Visual Studio\2022\Community\VC\Tools\MSVC\14.44.35207\bin\HostX64\x64" -x cu   -I"C:\Program Files\NVIDIA GPU Computing Toolkit\CUDA\v13.0\include" -I"C:\Program Files\NVIDIA GPU Computing Toolkit\CUDA\v13.0\include"     --keep-dir lab_4\x64\Release  -maxrregcount=0    --machine 64 --compile -cudart static    -DWIN32 -DWIN64 -DNDEBUG -D_CONSOLE -D_MBCS -Xcompiler "/EHsc /W3 /nologo /O2 /FS   /MD " -Xcompiler "/Fdlab_4\x64\Release\vc143.pdb" -o D:\univer\7sem\CUDA\labs\lab_4\lab_4\x64\Release\utils.cu.obj "D:\univer\7sem\CUDA\labs\lab_4\utils.cu" 
  
  D:\univer\7sem\CUDA\labs\lab_4>"C:\Program Files\NVIDIA GPU Computing Toolkit\CUDA\v13.0\bin\nvcc.exe" -gencode=arch=compute_75,code=\"sm_75,compute_75\" --use-local-env -ccbin "C:\Program Files\Microsoft Visual Studio\2022\Community\VC\Tools\MSVC\14.44.35207\bin\HostX64\x64" -x cu   -I"C:\Program Files\NVIDIA GPU Computing Toolkit\CUDA\v13.0\include" -I"C:\Program Files\NVIDIA GPU Computing Toolkit\CUDA\v13.0\include"     --keep-dir lab_4\x64\Release  -maxrregcount=0    --machine 64 --compile -cudart static    -DWIN32 -DWIN64 -DNDEBUG -D_CONSOLE -D_MBCS -Xcompiler "/EHsc /W3 /nologo /O2 /FS   /MD " -Xcompiler "/Fdlab_4\x64\Release\vc143.pdb" -o D:\univer\7sem\CUDA\labs\lab_4\lab_4\x64\Release\triple.cu.obj "D:\univer\7sem\CUDA\labs\lab_4\triple.cu" 
  
  D:\univer\7sem\CUDA\labs\lab_4>"C:\Program Files\NVIDIA GPU Computing Toolkit\CUDA\v13.0\bin\nvcc.exe" -gencode=arch=compute_75,code=\"sm_75,compute_75\" --use-local-env -ccbin "C:\Program Files\Microsoft Visual Studio\2022\Community\VC\Tools\MSVC\14.44.35207\bin\HostX64\x64" -x cu   -I"C:\Program Files\NVIDIA GPU Computing Toolkit\CUDA\v13.0\include" -I"C:\Program Files\NVIDIA GPU Computing Toolkit\CUDA\v13.0\include"     --keep-dir lab_4\x64\Release  -maxrregcount=0    --machine 64 --compile -cudart static    -DWIN32 -DWIN64 -DNDEBUG -D_CONSOLE -D_MBCS -Xcompiler "/EHsc /W3 /nologo /O2 /FS   /MD " -Xcompiler "/Fdlab_4\x64\Release\vc143.pdb" -o D:\univer\7sem\CUDA\labs\lab_4\lab_4\x64\Release\main.cu.obj "D:\univer\7sem\CUDA\labs\lab_4\main.cu" 
  
  D:\univer\7sem\CUDA\labs\lab_4>"C:\Program Files\NVIDIA GPU Computing Toolkit\CUDA\v13.0\bin\nvcc.exe" -gencode=arch=compute_75,code=\"sm_75,compute_75\" --use-local-env -ccbin "C:\Program Files\Microsoft Visual Studio\2022\Community\VC\Tools\MSVC\14.44.35207\bin\HostX64\x64" -x cu   -I"C:\Program Files\NVIDIA GPU Computing Toolkit\CUDA\v13.0\include" -I"C:\Program Files\NVIDIA GPU Computing Toolkit\CUDA\v13.0\include"     --keep-dir lab_4\x64\Release  -maxrregcount=0    --machine 64 --compile -cudart static    -DWIN32 -DWIN64 -DNDEBUG -D_CONSOLE -D_MBCS -Xcompiler "/EHsc /W3 /nologo /O2 /FS   /MD " -Xcompiler "/Fdlab_4\x64\Release\vc143.pdb" -o D:\univer\7sem\CUDA\labs\lab_4\lab_4\x64\Release\prefix.cu.obj "D:\univer\7sem\CUDA\labs\lab_4\prefix.cu" 
  utils.cu
  main.cu
  triple.cu
  prefix.cu
  tmpxft_000078c4_00000000-7_utils.cudafe1.cpp
  tmpxft_00002540_00000000-7_main.cudafe1.cpp
D:\univer\7sem\CUDA\labs\lab_4\main.cu(32): warning C4244: аргумент: преобразование "time_t" в "unsigned int", возможна потеря данных
  tmpxft_00006ac0_00000000-7_triple.cudafe1.cpp
  tmpxft_00005364_00000000-7_prefix.cudafe1.cpp
D:\univer\7sem\CUDA\labs\lab_4\prefix.cu(14): warning C4244: инициализация: преобразование "double" в "int", возможна потеря данных
LINK : warning LNK4075: не учитывается "/INCREMENTAL" из-за спецификации "/LTCG"
     Создается библиотека D:\univer\7sem\CUDA\labs\lab_4\x64\Release\lab_4.lib и объект D:\univer\7sem\CUDA\labs\lab_4\x64\Release\lab_4.exp
LINK : warning LNK4098: библиотека по умолчанию "LIBCMT" конфликтует с использованием других библиотек; используйте /NODEFAULTLIB:library
  LINK : указан параметр /LTCG, но не требуется создание кода; удалите /LTCG из командной строки компоновки для повышения производительности компоновщика
  lab_3.vcxproj -> D:\univer\7sem\CUDA\labs\lab_4\x64\Release\lab_4.exe
